intermediates/manifest_merge_blame_file/debug/manifest-merger-blame-debug-report.txt
1<?xml version="1.0" encoding="utf-8"?>
2<manifest xmlns:android="http://schemas.android.com/apk/res/android"
3    package="com.example.lktsu"
4    android:versionCode="1"
5    android:versionName="1.0" >
6
7    <uses-sdk
8        android:minSdkVersion="21"
8-->src\main\AndroidManifest.xml
9        android:targetSdkVersion="30" />
9-->src\main\AndroidManifest.xml
10
11    <uses-permission android:name="android.permission.INTERNET" />
11-->src\main\AndroidManifest.xml:5:5-67
11-->src\main\AndroidManifest.xml:5:22-64
12
13    <application
13-->src\main\AndroidManifest.xml:7:5-42:19
14        android:name="com.example.lktsu.LKApp"
14-->src\main\AndroidManifest.xml:8:9-30
15        android:allowBackup="true"
15-->src\main\AndroidManifest.xml:9:9-35
16        android:appComponentFactory="androidx.core.app.CoreComponentFactory"
16-->[androidx.core:core:1.5.0] AndroidManifest.xml:24:18-86
17        android:debuggable="true"
18        android:icon="@mipmap/ic_launcher"
18-->src\main\AndroidManifest.xml:10:9-43
19        android:label="ЛК ТулГУ"
19-->src\main\AndroidManifest.xml:11:9-33
20        android:roundIcon="@mipmap/ic_launcher_round"
20-->src\main\AndroidManifest.xml:12:9-54
21        android:supportsRtl="true"
21-->src\main\AndroidManifest.xml:13:9-35
22        android:testOnly="true"
23        android:theme="@style/Theme.LKTSU"
23-->src\main\AndroidManifest.xml:14:9-43
24        android:usesCleartextTraffic="true" >
24-->src\main\AndroidManifest.xml:15:9-44
25        <activity
25-->src\main\AndroidManifest.xml:16:9-18:58
26            android:name="com.example.lktsu.ContactsActivity"
26-->src\main\AndroidManifest.xml:17:13-45
27            android:label="Контактные данные" />
27-->src\main\AndroidManifest.xml:18:13-46
28        <activity
28-->src\main\AndroidManifest.xml:19:9-21:43
29            android:name="com.example.lktsu.ui.login.LoginActivity"
29-->src\main\AndroidManifest.xml:20:13-51
30            android:label="Авторизация" />
30-->src\main\AndroidManifest.xml:21:13-40
31        <activity
31-->src\main\AndroidManifest.xml:22:9-24:41
32            android:name="com.example.lktsu.StatementsActivity"
32-->src\main\AndroidManifest.xml:23:13-47
33            android:label="Заявления" />
33-->src\main\AndroidManifest.xml:24:13-38
34        <activity
34-->src\main\AndroidManifest.xml:25:9-27:44
35            android:name="com.example.lktsu.MarksActivity"
35-->src\main\AndroidManifest.xml:26:13-42
36            android:label="Успеваемость" />
36-->src\main\AndroidManifest.xml:27:13-41
37        <activity
37-->src\main\AndroidManifest.xml:28:9-30:42
38            android:name="com.example.lktsu.ScheduleActivity"
38-->src\main\AndroidManifest.xml:29:13-45
39            android:label="Расписание" />
39-->src\main\AndroidManifest.xml:30:13-39
40        <activity android:name="com.example.lktsu.MoreActivity" />
40-->src\main\AndroidManifest.xml:31:9-50
40-->src\main\AndroidManifest.xml:31:19-47
41        <activity
41-->src\main\AndroidManifest.xml:32:9-34:39
42            android:name="com.example.lktsu.NewsActivity"
42-->src\main\AndroidManifest.xml:33:13-41
43            android:label="Новости" />
43-->src\main\AndroidManifest.xml:34:13-36
44        <activity android:name="com.example.lktsu.MainActivity" >
44-->src\main\AndroidManifest.xml:35:9-41:20
44-->src\main\AndroidManifest.xml:35:19-47
45            <intent-filter>
45-->src\main\AndroidManifest.xml:36:13-40:29
46                <action android:name="android.intent.action.MAIN" />
46-->src\main\AndroidManifest.xml:37:17-69
46-->src\main\AndroidManifest.xml:37:25-66
47
48                <category android:name="android.intent.category.LAUNCHER" />
48-->src\main\AndroidManifest.xml:39:17-77
48-->src\main\AndroidManifest.xml:39:27-74
49            </intent-filter>
50        </activity>
51
52        <service
52-->[androidx.room:room-runtime:2.3.0] AndroidManifest.xml:25:9-28:40
53            android:name="androidx.room.MultiInstanceInvalidationService"
53-->[androidx.room:room-runtime:2.3.0] AndroidManifest.xml:26:13-74
54            android:directBootAware="true"
54-->[androidx.room:room-runtime:2.3.0] AndroidManifest.xml:27:13-43
55            android:exported="false" />
55-->[androidx.room:room-runtime:2.3.0] AndroidManifest.xml:28:13-37
56    </application>
57
58</manifest>